<?xml version="1.0" encoding="UTF-8"?>
<!-- Generated by org.testng.reporters.JUnitReportReporter -->
<testsuite skipped="0" hostname="DESKTOP-5GIMR59" name="arturo.amr.LongPress" tests="1" failures="0" timestamp="27 Oct 2022 13:38:12 GMT" time="10.395" errors="0">
  <testcase name="LongPressGesture" time="10.395" classname="arturo.amr.LongPress"/>
</testsuite> <!-- arturo.amr.LongPress -->
