<?xml version="1.0" encoding="UTF-8"?>
<!-- Generated by org.testng.reporters.JUnitReportReporter -->
<testsuite skipped="0" hostname="DESKTOP-5GIMR59" name="arturo.amr.AppiumBasics" tests="1" failures="0" timestamp="27 Oct 2022 13:38:12 GMT" time="8.393" errors="0">
  <testcase name="WifiSettingsName" time="8.393" classname="arturo.amr.AppiumBasics"/>
</testsuite> <!-- arturo.amr.AppiumBasics -->
